INFO:root:Change check from client1
INFO:root:Change check from client1
INFO:root:Change check from client1
INFO:root:Change from client1: h
INFO:root:Change from client1: he
INFO:root:Change check from client1
INFO:root:Change from client1: hel
INFO:root:Change from client1: hell
INFO:root:Change from client1: hello
INFO:root:Change from client1: hello
INFO:root:Change check from client1
INFO:root:Change from client1: hello f
INFO:root:Change from client1: hello fro
INFO:root:Change from client1: hello from
INFO:root:Change from client1: hello from
INFO:root:Change from client1: hello from
INFO:root:Change from client1: hello from cl
INFO:root:Change from client1: hello from cl
INFO:root:Change check from client1
INFO:root:Change from client1: hello from cli
INFO:root:Change from client1: hello from clie
INFO:root:Change from client1: hello from client
INFO:root:Change from client1: hello from client
INFO:root:Change from client1: hello from client1
INFO:root:Change check from client1
INFO:root:Change check from client1
INFO:root:Change check from client1
INFO:root:Change check from client1
INFO:root:Change check from client1
INFO:root:Change check from client1
INFO:root:Change check from client1
INFO:root:Change check from client1
INFO:root:Change check from client1
INFO:root:Change check from client1
INFO:root:Change check from client1
INFO:root:Change check from client1
INFO:root:Change check from client1
INFO:root:Change check from client1
INFO:root:Change check from client1
INFO:root:Change check from client1
INFO:root:Change check from client1
INFO:root:Change check from client1
INFO:root:Change check from client1
INFO:root:Change check from client1
INFO:root:Change check from client1
INFO:root:Change check from client1
INFO:root:Change check from client1
INFO:root:Change check from client1
INFO:root:Change check from client1
INFO:root:Change check from client1
INFO:root:Change check from client1
INFO:root:Change check from client1
INFO:root:Change check from client1
INFO:root:Change check from client1
INFO:root:Change check from client1
INFO:root:Change check from client1
INFO:root:Change check from client1
INFO:root:Change check from client1
INFO:root:Change check from client2
INFO:root:Change check from client1
INFO:root:Change check from client2
INFO:root:Change check from client1
INFO:root:Change check from client2
INFO:root:Change check from client1
INFO:root:Change check from client2
INFO:root:Change check from client1
INFO:root:Change check from client2
INFO:root:Change check from client1
INFO:root:Change check from client2
INFO:root:Change check from client1
INFO:root:Change check from client2
INFO:root:Change check from client1
INFO:root:Change check from client2
INFO:root:Change from client1: hello from client123
INFO:root:Change from client1: hello from client123
INFO:root:Change check from client1
INFO:root:Change check from client2
INFO:root:Change check from client1
INFO:root:Change check from client2
INFO:root:Change check from client1
INFO:root:Change check from client2
INFO:root:Change check from client1
INFO:root:Change check from client2
INFO:root:Change check from client1
INFO:root:Change check from client2
INFO:root:Change from client2: hello from client123
INFO:root:Change from client2: hello from client12
INFO:root:Change from client2: hello from client1
INFO:root:Change check from client1
INFO:root:Change from client2: hello from client1sk
INFO:root:Change check from client2
INFO:root:Change from client2: hello from client1skchk
INFO:root:Change from client2: hello from client1skchkb
INFO:root:Change from client2: hello from client1skchkb
INFO:root:Change from client2: hello from client1skchkb
INFO:root:Change from client2: hello from client1skchkb
INFO:root:Change check from client1
INFO:root:Change check from client2
INFO:root:Change check from client1
INFO:root:Change check from client2
INFO:root:Change check from client1
INFO:root:Change check from client2
INFO:root:Change check from client1
INFO:root:Change check from client2
INFO:root:Change check from client1
INFO:root:Change check from client2
INFO:root:Change check from client1
INFO:root:Change check from client2
INFO:root:Change check from client1
INFO:root:Change check from client2
INFO:root:Change check from client1
INFO:root:Change check from client2
INFO:root:Change check from client1
INFO:root:Change check from client2
INFO:root:Change check from client1
INFO:root:Change check from client2
INFO:root:Change check from client1
INFO:root:Change check from client2
INFO:root:Change check from client1
INFO:root:Change check from client2
INFO:root:Change check from client1
INFO:root:Change check from client2
INFO:root:Change check from client1
INFO:root:Change check from client2
INFO:root:Change check from client1
INFO:root:Change check from client2
INFO:root:Change check from client1
INFO:root:Change check from client1
INFO:root:Change check from client1
INFO:root:Change check from client1
INFO:root:Change check from client1
INFO:root:Change check from client1
INFO:root:Change check from client1
INFO:root:Change check from client1
INFO:root:Change check from client1
INFO:root:Change check from client1
INFO:root:Change check from client1
INFO:root:Change check from client1
INFO:root:Change check from client1
INFO:root:Change check from client1
INFO:root:Change check from client1
INFO:root:Change check from client1
INFO:root:Change check from client1
INFO:root:Change check from client1
INFO:root:Change check from client1
INFO:root:Change check from client1
INFO:root:Change check from client2
INFO:root:Change check from client1
INFO:root:Change check from client2
INFO:root:Change check from client1
INFO:root:Change check from client2
INFO:root:Change check from client1
INFO:root:Change check from client2
INFO:root:Change check from client1
INFO:root:Change check from client2
INFO:root:Change check from client1
INFO:root:Change check from client2
INFO:root:Change check from client1
INFO:root:Change check from client2
INFO:root:Change check from client1
INFO:root:Change check from client2
INFO:root:Change from client1: hello from client1skchke
INFO:root:Change from client1: hello from client1skchke
INFO:root:Change check from client1
INFO:root:Change check from client2
INFO:root:Change check from client1
INFO:root:Change check from client2
INFO:root:Change check from client1
INFO:root:Change from client1: hello feom client1skchke
INFO:root:Change from client1: hello feom client1skchke
INFO:root:Change check from client2
INFO:root:Change check from client1
INFO:root:Change check from client2
INFO:root:Change check from client1
INFO:root:Change check from client2
INFO:root:Change check from client1
INFO:root:Change check from client2
INFO:root:Change check from client1
INFO:root:Change from client1: hello feom client1skchke
INFO:root:Change check from client2
INFO:root:Change from client1: hello feon client1skchke
INFO:root:Change check from client1
INFO:root:Change from client1: hello feon client1skchke
INFO:root:Change check from client2
INFO:root:Change check from client1
INFO:root:Change check from client2
INFO:root:Change check from client1
INFO:root:Change check from client2
INFO:root:Change check from client1
INFO:root:Change check from client2
INFO:root:Change check from client1
INFO:root:Change check from client2
INFO:root:Change check from client1
INFO:root:Change check from client2
INFO:root:Change check from client1
INFO:root:Change check from client2
INFO:root:Change from client1: hello feon client1skchke
INFO:root:Change check from client1
INFO:root:Change check from client2
INFO:root:Change check from client1
INFO:root:Change check from client2
INFO:root:Change check from client1
INFO:root:Change check from client2
INFO:root:Change check from client1
INFO:root:Change check from client2
INFO:root:Change check from client1
INFO:root:Change check from client2
INFO:root:Change check from client1
INFO:root:Change check from client2
INFO:root:Change check from client1
INFO:root:Change check from client2
INFO:root:Change check from client1
INFO:root:Change check from client2
INFO:root:Change check from client1
INFO:root:Change check from client2
INFO:root:Change check from client1
INFO:root:Change check from client2
INFO:root:Change check from client1
INFO:root:Change check from client1
INFO:root:Change check from client1
INFO:root:Change check from client1
INFO:root:Change check from client1
INFO:root:Change check from client1
INFO:root:Change check from client1
INFO:root:Change check from client1
INFO:root:Change check from client1
INFO:root:Change check from client2
INFO:root:Change check from client1
INFO:root:Change check from client2
INFO:root:Change check from client1
INFO:root:Change check from client2
INFO:root:Change check from client1
INFO:root:Change check from client2
INFO:root:Change check from client1
INFO:root:Change check from client2
INFO:root:Change check from client1
INFO:root:Change from client1: hello feon client1skchke
INFO:root:Change check from client2
INFO:root:Change from client1: hello feon client1skchke kv
INFO:root:Change check from client1
INFO:root:Change from client1: hello feon client1skchke kvh
INFO:root:Change from client1: hello feon client1skchke kvhbi
INFO:root:Change from client1: hello feon client1skchke kvhbi
INFO:root:Change from client1: hello feon client1skchke kvhbi
INFO:root:Change check from client2
INFO:root:Change check from client1
INFO:root:Change check from client2
INFO:root:Change check from client1
INFO:root:Change check from client2
INFO:root:Change check from client1
INFO:root:Change from client1: hello feon client1skchke kvhbi
INFO:root:Change check from client2
INFO:root:Change from client1: hello feon client1skchke kvhbi ne
INFO:root:Change check from client1
INFO:root:Change from client1: hello feon client1skchke kvhbi ne
INFO:root:Change from client1: hello feon client1skchke kvhbi nex
INFO:root:Change from client1: hello feon client1skchke kvhbi next
INFO:root:Change from client1: hello feon client1skchke kvhbi next
INFO:root:Change check from client2
INFO:root:Change check from client1
INFO:root:Change check from client2
INFO:root:Change check from client1
INFO:root:Change check from client2
INFO:root:Change check from client1
INFO:root:Change check from client2
INFO:root:Change check from client1
INFO:root:Change check from client2
INFO:root:Change check from client1
INFO:root:Change check from client2
INFO:root:Change check from client1
INFO:root:Change check from client2
INFO:root:Change check from client1
INFO:root:Change check from client2
INFO:root:Change check from client1
INFO:root:Change check from client2
INFO:root:Change check from client1
INFO:root:Change check from client2
INFO:root:Change check from client1
INFO:root:Change check from client2
INFO:root:Change check from client2
INFO:root:Change check from client1
INFO:root:Change check from client1
INFO:root:Change check from client1
INFO:root:Change check from client1
INFO:root:Change check from client1
INFO:root:Change check from client1
INFO:root:Change check from client2
INFO:root:Change check from client1
INFO:root:Change check from client2
INFO:root:Change check from client1
INFO:root:Change check from client2
INFO:root:Change check from client1
INFO:root:Change check from client2
INFO:root:Change check from client1
INFO:root:Change check from client2
INFO:root:Change check from client1
INFO:root:Change check from client2
INFO:root:Change check from client1
INFO:root:Change from client1: hello feon client1skchke kvhbi nex
INFO:root:Change check from client2
INFO:root:Change from client1: hello feon client1skchke kvhbi ne
INFO:root:Change check from client1
INFO:root:Change from client1: hello feon client1skchke kvhbi n
INFO:root:Change from client1: hello feon client1skchke kvhbi
INFO:root:Change from client1: hello feon client1skchke kvhbi
INFO:root:Change check from client2
INFO:root:Change check from client1
INFO:root:Change from client1: hello feon client1skchke kvhbi
INFO:root:Change from client1: hello feon client1skchke kvhbi
INFO:root:Change from client1: hello feon client1skchke kvhbi
INFO:root:Change from client1: hello feon client1skchke kvhbi
INFO:root:Change check from client2
INFO:root:Change from client1: hello feon client1skchke kvhbi
INFO:root:Change from client1: hello feon client1skchke kvhbi
INFO:root:Change check from client1
INFO:root:Change from client1: hello feon client1skchke kvhbi
INFO:root:Change check from client2
INFO:root:Change check from client1
INFO:root:Change from client1: hello feon client1skche kvhbi
INFO:root:Change from client1: hello feon client1skce kvhbi
INFO:root:Change check from client2
INFO:root:Change check from client1
INFO:root:Change from client1: hello feon client1ske kvhbi
INFO:root:Change check from client2
INFO:root:Change check from client1
INFO:root:Change check from client2
INFO:root:Change check from client1
INFO:root:Change check from client2
INFO:root:Change check from client1
INFO:root:Change check from client2
INFO:root:Change check from client1
INFO:root:Change check from client2
INFO:root:Change check from client1
INFO:root:Change from client1: hello feon client1ske kvhbi
INFO:root:Change from client1: hello feo client1ske kvhbi
INFO:root:Change from client1: hello fe client1ske kvhbi
INFO:root:Change from client1: hello f client1ske kvhbi
INFO:root:Change check from client2
INFO:root:Change check from client1
INFO:root:Change from client1: hello fro client1ske kvhbi
INFO:root:Change from client1: hello from client1ske kvhbi
INFO:root:Change from client1: hello from client1ske kvhbi
INFO:root:Change check from client2
INFO:root:Change check from client1
INFO:root:Change check from client2
INFO:root:Change check from client1
INFO:root:Change check from client2
INFO:root:Change check from client1
INFO:root:Change check from client2
INFO:root:Change check from client1
INFO:root:Change check from client2
INFO:root:Change check from client1
INFO:root:Change check from client2
INFO:root:Change check from client1
INFO:root:Change check from client2
INFO:root:Change check from client1
INFO:root:Change check from client2
INFO:root:Change check from client1
INFO:root:Change check from client2
INFO:root:Change check from client1
INFO:root:Change check from client2
INFO:root:Change check from client1
INFO:root:Change check from client2
INFO:root:Change check from client1
INFO:root:Change check from client2
INFO:root:Change check from client1
INFO:root:Change check from client2
INFO:root:Change check from client1
INFO:root:Change check from client2
INFO:root:Change check from client1
INFO:root:Change check from client2
INFO:root:Change check from client1
INFO:root:Change check from client2
INFO:root:Change check from client1
INFO:root:Change check from client2
INFO:root:Change check from client1
INFO:root:Change check from client2
INFO:root:Change check from client1
INFO:root:Change check from client2
INFO:root:Change check from client1
INFO:root:Change check from client2
INFO:root:Change check from client1
INFO:root:Change check from client2
INFO:root:Change check from client1
INFO:root:Change check from client2
INFO:root:Change check from client1
INFO:root:Change check from client2
INFO:root:Change check from client1
INFO:root:Change check from client2
INFO:root:Change check from client1
INFO:root:Change check from client2
INFO:root:Change check from client1
INFO:root:Change check from client2
INFO:root:Change check from client1
INFO:root:Change check from client2
INFO:root:Change check from client1
INFO:root:Change check from client2
INFO:root:Change check from client1
INFO:root:Change check from client2
INFO:root:Change check from client1
INFO:root:Change check from client2
INFO:root:Change check from client1
INFO:root:Change check from client2
INFO:root:Change check from client1
INFO:root:Change check from client2
INFO:root:Change check from client1
INFO:root:Change check from client2
INFO:root:Change check from client1
INFO:root:Change check from client2
INFO:root:Change check from client1
INFO:root:Change check from client2
INFO:root:Change check from client1
INFO:root:Change check from client2
INFO:root:Change check from client2
INFO:root:Change check from client2
INFO:root:Change check from client2
INFO:root:Change check from client2
INFO:root:Change check from client2
INFO:root:Change check from client2
INFO:root:Change check from client2
INFO:root:Change check from client2
